<?xml version="1.0" encoding="UTF-8"?>
<testng-results ignored="0" total="2" passed="2" failed="0" skipped="0">
  <reporter-output>
  </reporter-output>
  <suite started-at="2023-12-23T13:10:48 IST" name="Suite" finished-at="2023-12-23T13:11:18 IST" duration-ms="30341">
    <groups>
    </groups>
    <test started-at="2023-12-23T13:10:48 IST" name="Test" finished-at="2023-12-23T13:11:18 IST" duration-ms="30341">
      <class name="Docker.setup_docker_grid">
        <test-method is-config="true" signature="startdockergrid()[pri:0, instance:Docker.setup_docker_grid@2e3967ea]" started-at="2023-12-23T13:10:48 IST" name="startdockergrid" finished-at="2023-12-23T13:11:03 IST" duration-ms="15044" status="PASS">
          <reporter-output>
          </reporter-output>
        </test-method> <!-- startdockergrid -->
        <test-method is-config="true" signature="stopdockergrid()[pri:0, instance:Docker.setup_docker_grid@2e3967ea]" started-at="2023-12-23T13:11:12 IST" name="stopdockergrid" finished-at="2023-12-23T13:11:18 IST" duration-ms="6021" status="PASS">
          <reporter-output>
          </reporter-output>
        </test-method> <!-- stopdockergrid -->
      </class> <!-- Docker.setup_docker_grid -->
      <class name="Docker.DockerwithChrome">
        <test-method signature="Firefoxtest()[pri:0, instance:Docker.DockerwithChrome@45099dd3]" started-at="2023-12-23T13:11:03 IST" name="Firefoxtest" finished-at="2023-12-23T13:11:12 IST" duration-ms="9219" status="PASS">
          <reporter-output>
          </reporter-output>
        </test-method> <!-- Firefoxtest -->
      </class> <!-- Docker.DockerwithChrome -->
      <class name="Docker.chromeTest1">
        <test-method signature="test1()[pri:0, instance:Docker.chromeTest1@6340e5f0]" started-at="2023-12-23T13:11:03 IST" name="test1" finished-at="2023-12-23T13:11:07 IST" duration-ms="4009" status="PASS">
          <reporter-output>
          </reporter-output>
        </test-method> <!-- test1 -->
      </class> <!-- Docker.chromeTest1 -->
    </test> <!-- Test -->
  </suite> <!-- Suite -->
</testng-results>
